<?xml version="1.0" encoding="UTF-8"?>
<coverage generated="1650233894546" clover="3.2.0">
  <project timestamp="1650233894546" name="All files">
    <metrics statements="25" coveredstatements="24" conditionals="12" coveredconditionals="10" methods="5" coveredmethods="5" elements="42" coveredelements="39" complexity="0" loc="25" ncloc="25" packages="2" files="2" classes="2"/>
    <package name="frontend-project-lvl2">
      <metrics statements="21" coveredstatements="20" conditionals="12" coveredconditionals="10" methods="3" coveredmethods="3"/>
      <file name="index.js" path="/Users/ian/Desktop/hexlet/projects/frontend-project-lvl2/index.js">
        <metrics statements="21" coveredstatements="20" conditionals="12" coveredconditionals="10" methods="3" coveredmethods="3"/>
        <line num="6" count="1" type="stmt"/>
        <line num="7" count="4" type="stmt"/>
        <line num="8" count="4" type="cond" truecount="2" falsecount="0"/>
        <line num="9" count="2" type="stmt"/>
        <line num="11" count="2" type="cond" truecount="2" falsecount="2"/>
        <line num="12" count="2" type="stmt"/>
        <line num="14" count="0" type="stmt"/>
        <line num="17" count="1" type="stmt"/>
        <line num="18" count="2" type="stmt"/>
        <line num="19" count="2" type="stmt"/>
        <line num="21" count="2" type="stmt"/>
        <line num="22" count="2" type="stmt"/>
        <line num="24" count="2" type="stmt"/>
        <line num="26" count="10" type="cond" truecount="2" falsecount="0"/>
        <line num="27" count="4" type="stmt"/>
        <line num="29" count="6" type="cond" truecount="2" falsecount="0"/>
        <line num="30" count="2" type="stmt"/>
        <line num="32" count="4" type="cond" truecount="2" falsecount="0"/>
        <line num="33" count="2" type="stmt"/>
        <line num="35" count="2" type="stmt"/>
        <line num="39" count="2" type="stmt"/>
      </file>
    </package>
    <package name="frontend-project-lvl2.src">
      <metrics statements="4" coveredstatements="4" conditionals="0" coveredconditionals="0" methods="2" coveredmethods="2"/>
      <file name="parsers.js" path="/Users/ian/Desktop/hexlet/projects/frontend-project-lvl2/src/parsers.js">
        <metrics statements="4" coveredstatements="4" conditionals="0" coveredconditionals="0" methods="2" coveredmethods="2"/>
        <line num="6" count="1" type="stmt"/>
        <line num="7" count="2" type="stmt"/>
        <line num="8" count="1" type="stmt"/>
        <line num="9" count="2" type="stmt"/>
      </file>
    </package>
  </project>
</coverage>
