{"/Users/ian/Desktop/hexlet/projects/frontend-project-lvl2/index.js": {"path":"/Users/ian/Desktop/hexlet/projects/frontend-project-lvl2/index.js","statementMap":{"0":{"start":{"line":6,"column":18},"end":{"line":15,"column":1}},"1":{"start":{"line":7,"column":18},"end":{"line":7,"column":40}},"2":{"start":{"line":8,"column":2},"end":{"line":10,"column":3}},"3":{"start":{"line":9,"column":4},"end":{"line":9,"column":32}},"4":{"start":{"line":11,"column":2},"end":{"line":13,"column":3}},"5":{"start":{"line":12,"column":4},"end":{"line":12,"column":32}},"6":{"start":{"line":14,"column":2},"end":{"line":14,"column":63}},"7":{"start":{"line":17,"column":16},"end":{"line":40,"column":1}},"8":{"start":{"line":18,"column":16},"end":{"line":18,"column":36}},"9":{"start":{"line":19,"column":16},"end":{"line":19,"column":36}},"10":{"start":{"line":21,"column":15},"end":{"line":21,"column":58}},"11":{"start":{"line":22,"column":16},"end":{"line":22,"column":31}},"12":{"start":{"line":24,"column":17},"end":{"line":37,"column":17}},"13":{"start":{"line":26,"column":6},"end":{"line":28,"column":7}},"14":{"start":{"line":27,"column":8},"end":{"line":27,"column":51}},"15":{"start":{"line":29,"column":6},"end":{"line":31,"column":7}},"16":{"start":{"line":30,"column":8},"end":{"line":30,"column":51}},"17":{"start":{"line":32,"column":6},"end":{"line":34,"column":7}},"18":{"start":{"line":33,"column":8},"end":{"line":33,"column":88}},"19":{"start":{"line":35,"column":6},"end":{"line":35,"column":49}},"20":{"start":{"line":39,"column":2},"end":{"line":39,"column":29}}},"fnMap":{"0":{"name":"(anonymous_0)","decl":{"start":{"line":6,"column":18},"end":{"line":6,"column":19}},"loc":{"start":{"line":6,"column":32},"end":{"line":15,"column":1}},"line":6},"1":{"name":"(anonymous_1)","decl":{"start":{"line":17,"column":16},"end":{"line":17,"column":17}},"loc":{"start":{"line":17,"column":42},"end":{"line":40,"column":1}},"line":17},"2":{"name":"(anonymous_2)","decl":{"start":{"line":25,"column":9},"end":{"line":25,"column":10}},"loc":{"start":{"line":25,"column":18},"end":{"line":36,"column":5}},"line":25}},"branchMap":{"0":{"loc":{"start":{"line":8,"column":2},"end":{"line":10,"column":3}},"type":"if","locations":[{"start":{"line":8,"column":2},"end":{"line":10,"column":3}},{"start":{},"end":{}}],"line":8},"1":{"loc":{"start":{"line":11,"column":2},"end":{"line":13,"column":3}},"type":"if","locations":[{"start":{"line":11,"column":2},"end":{"line":13,"column":3}},{"start":{},"end":{}}],"line":11},"2":{"loc":{"start":{"line":11,"column":6},"end":{"line":11,"column":47}},"type":"binary-expr","locations":[{"start":{"line":11,"column":6},"end":{"line":11,"column":25}},{"start":{"line":11,"column":29},"end":{"line":11,"column":47}}],"line":11},"3":{"loc":{"start":{"line":26,"column":6},"end":{"line":28,"column":7}},"type":"if","locations":[{"start":{"line":26,"column":6},"end":{"line":28,"column":7}},{"start":{},"end":{}}],"line":26},"4":{"loc":{"start":{"line":29,"column":6},"end":{"line":31,"column":7}},"type":"if","locations":[{"start":{"line":29,"column":6},"end":{"line":31,"column":7}},{"start":{},"end":{}}],"line":29},"5":{"loc":{"start":{"line":32,"column":6},"end":{"line":34,"column":7}},"type":"if","locations":[{"start":{"line":32,"column":6},"end":{"line":34,"column":7}},{"start":{},"end":{}}],"line":32}},"s":{"0":1,"1":4,"2":4,"3":2,"4":2,"5":2,"6":0,"7":1,"8":2,"9":2,"10":2,"11":2,"12":2,"13":10,"14":4,"15":6,"16":2,"17":4,"18":2,"19":2,"20":2},"f":{"0":4,"1":2,"2":10},"b":{"0":[2,2],"1":[2,0],"2":[2,0],"3":[4,6],"4":[2,4],"5":[2,2]},"_coverageSchema":"1a1c01bbd47fc00a2c39e90264f33305004495a9","hash":"d7588d22701151d48e0097a1f1e89ce8dad7f0b3"}
,"/Users/ian/Desktop/hexlet/projects/frontend-project-lvl2/src/parsers.js": {"path":"/Users/ian/Desktop/hexlet/projects/frontend-project-lvl2/src/parsers.js","statementMap":{"0":{"start":{"line":6,"column":19},"end":{"line":7,"column":74}},"1":{"start":{"line":7,"column":2},"end":{"line":7,"column":74}},"2":{"start":{"line":8,"column":19},"end":{"line":9,"column":73}},"3":{"start":{"line":9,"column":2},"end":{"line":9,"column":73}}},"fnMap":{"0":{"name":"(anonymous_0)","decl":{"start":{"line":6,"column":19},"end":{"line":6,"column":20}},"loc":{"start":{"line":7,"column":2},"end":{"line":7,"column":74}},"line":7},"1":{"name":"(anonymous_1)","decl":{"start":{"line":8,"column":19},"end":{"line":8,"column":20}},"loc":{"start":{"line":9,"column":2},"end":{"line":9,"column":73}},"line":9}},"branchMap":{},"s":{"0":1,"1":2,"2":1,"3":2},"f":{"0":2,"1":2},"b":{},"_coverageSchema":"1a1c01bbd47fc00a2c39e90264f33305004495a9","hash":"a2d4c336dacdf326bc847524efb04c032f4727a2"}
}
