TN:
SF:index.js
FN:6,(anonymous_0)
FN:17,(anonymous_1)
FN:25,(anonymous_2)
FNF:3
FNH:3
FNDA:4,(anonymous_0)
FNDA:2,(anonymous_1)
FNDA:10,(anonymous_2)
DA:6,1
DA:7,4
DA:8,4
DA:9,2
DA:11,2
DA:12,2
DA:14,0
DA:17,1
DA:18,2
DA:19,2
DA:21,2
DA:22,2
DA:24,2
DA:26,10
DA:27,4
DA:29,6
DA:30,2
DA:32,4
DA:33,2
DA:35,2
DA:39,2
LF:21
LH:20
BRDA:8,0,0,2
BRDA:8,0,1,2
BRDA:11,1,0,2
BRDA:11,1,1,0
BRDA:11,2,0,2
BRDA:11,2,1,0
BRDA:26,3,0,4
BRDA:26,3,1,6
BRDA:29,4,0,2
BRDA:29,4,1,4
BRDA:32,5,0,2
BRDA:32,5,1,2
BRF:12
BRH:10
end_of_record
TN:
SF:src/parsers.js
FN:6,(anonymous_0)
FN:8,(anonymous_1)
FNF:2
FNH:2
FNDA:2,(anonymous_0)
FNDA:2,(anonymous_1)
DA:6,1
DA:7,2
DA:8,1
DA:9,2
LF:4
LH:4
BRF:0
BRH:0
end_of_record
